<?xml version="1.0" encoding="utf-8"?><testsuites><testsuite name="pytest" errors="0" failures="0" skipped="0" tests="8" time="3.347" timestamp="2026-08-29T11:05:33.428195+08:00" hostname="node01"><testcase classname="revision_exp.tests.test_alpha_optimizer_registration" name="test_alpha_is_created_after_optimizer_and_recreated" time="0.295" /><testcase classname="revision_exp.tests.test_anchor_update_schedule" name="test_continuous_update_and_delayed_local_branch" time="0.103" /><testcase classname="revision_exp.tests.test_assignment_batch_order" name="test_target_assignment_can_depend_on_cobatch_cells" time="0.006" /><testcase classname="revision_exp.tests.test_attention_sequence_length" name="test_attention_sequence_length_is_one" time="0.012" /><testcase classname="revision_exp.tests.test_attention_sequence_length" name="test_other_cell_does_not_change_encoder_target" time="0.010" /><testcase classname="revision_exp.tests.test_metric_purity_thresholds" name="test_majority_and_high_purity_thresholds_are_distinct" time="0.019" /><testcase classname="revision_exp.tests.test_metric_purity_thresholds" name="test_exact_point_seven_counts_as_high_purity" time="0.013" /><testcase classname="revision_exp.tests.test_sparse_dense_equivalence" name="test_legacy_sparse_input_matches_dense_input" time="0.036" /></testsuite></testsuites>